빌드 시작: 2017-03-08 오전 2:03:01
     1>2 노드의 "c:\Users\kimeunji\documents\visual studio 2010\Projects\SensorT\SensorT\SensorT.vcxproj" 프로젝트(build 대상)입니다.
     1>InitializeBuildStatus:
         "AlwaysCreate"이(가) 지정되었기 때문에 "Debug\SensorT.unsuccessfulbuild"을(를) 만들고 있습니다.
       ClCompile:
         모든 출력이 최신 상태입니다.
         C:\Program Files (x86)\Microsoft Visual Studio 10.0\VC\bin\CL.exe /c /ZI /nologo /W3 /WX- /Od /Oy- /D WIN32 /D _WINDOWS /D _DEBUG /D _UNICODE /D UNICODE /D _AFXDLL /Gm /EHsc /RTC1 /MDd /GS /fp:precise /Zc:wchar_t /Zc:forScope /Yu"StdAfx.h" /Fp"Debug\SensorT.pch" /Fo"Debug\\" /Fd"Debug\vc100.pdb" /Gd /TP /analyze- /errorReport:prompt MainFrm.cpp
         MainFrm.cpp
       ResourceCompile:
         모든 출력이 최신 상태입니다.
       ManifestResourceCompile:
         모든 출력이 최신 상태입니다.
       Link:
         C:\Program Files (x86)\Microsoft Visual Studio 10.0\VC\bin\link.exe /ERRORREPORT:PROMPT /OUT:"c:\users\kimeunji\documents\visual studio 2010\Projects\SensorT\Debug\SensorT.exe" /INCREMENTAL /NOLOGO /MANIFEST /ManifestFile:"Debug\SensorT.exe.intermediate.manifest" /MANIFESTUAC:"level='asInvoker' uiAccess='false'" /DEBUG /PDB:"c:\users\kimeunji\documents\visual studio 2010\Projects\SensorT\Debug\SensorT.pdb" /SUBSYSTEM:WINDOWS /TLBID:1 /ENTRY:"wWinMainCRTStartup" /DYNAMICBASE /NXCOMPAT /IMPLIB:"c:\users\kimeunji\documents\visual studio 2010\Projects\SensorT\Debug\SensorT.lib" /MACHINE:X86 Debug\SensorT.res
         Debug\SensorT.exe.embed.manifest.res
         Debug\ChildFrm.obj
         Debug\ChildView.obj
         Debug\DialDock.obj
         Debug\MainFrm.obj
         Debug\SensorT.obj
         Debug\SerialSet.obj
         Debug\stdafx.obj
       Manifest:
         C:\Program Files (x86)\Microsoft SDKs\Windows\v7.0A\bin\mt.exe /nologo /verbose /out:"Debug\SensorT.exe.embed.manifest" /manifest Debug\SensorT.exe.intermediate.manifest "C:\Program Files (x86)\Microsoft Visual Studio 10.0\VC\Include\Manifest\dpiaware.manifest"
         모든 출력이 최신 상태입니다.
       LinkEmbedManifest:
         모든 출력이 최신 상태입니다.
         SensorT.vcxproj -> c:\users\kimeunji\documents\visual studio 2010\Projects\SensorT\Debug\SensorT.exe
       FinalizeBuildStatus:
         "Debug\SensorT.unsuccessfulbuild" 파일을 삭제하고 있습니다.
         "Debug\SensorT.lastbuildstate"에 연결(touching)하고 있습니다.
     1>"c:\Users\kimeunji\documents\visual studio 2010\Projects\SensorT\SensorT\SensorT.vcxproj" 프로젝트를 빌드했습니다(build 대상).

빌드했습니다.

경과 시간: 00:00:00.57
